<?xml version="1.0" encoding="UTF-8"?>
<testsuite xmlns:xsi="http://www.w3.org/2001/XMLSchema-instance" xsi:noNamespaceSchemaLocation="https://maven.apache.org/surefire/maven-surefire-plugin/xsd/surefire-test-report.xsd" name="org.teavm.classlib.impl.unicode.UnicodeSupportTest" time="0.082" tests="1" errors="0" skipped="0" failures="0">
  <properties>
    <property name="sun.desktop" value="windows"/>
    <property name="awt.toolkit" value="sun.awt.windows.WToolkit"/>
    <property name="file.encoding.pkg" value="sun.io"/>
    <property name="java.specification.version" value="1.8"/>
    <property name="sun.cpu.isalist" value="amd64"/>
    <property name="sun.jnu.encoding" value="Cp1252"/>
    <property name="java.class.path" value="D:\Java\git\core-web-widget\teavvm\classlib\target\test-classes;D:\Java\git\core-web-widget\teavvm\classlib\target\classes;C:\Users\Kyra Consulting\.m2\repository\junit\junit\4.11\junit-4.11.jar;C:\Users\Kyra Consulting\.m2\repository\org\hamcrest\hamcrest-core\1.3\hamcrest-core-1.3.jar;C:\Users\Kyra Consulting\.m2\repository\org\teavm\teavm-platform\0.6.1\teavm-platform-0.6.1.jar;C:\Users\Kyra Consulting\.m2\repository\org\teavm\teavm-core\0.6.1\teavm-core-0.6.1.jar;C:\Users\Kyra Consulting\.m2\repository\org\teavm\teavm-interop\0.6.1\teavm-interop-0.6.1.jar;C:\Users\Kyra Consulting\.m2\repository\org\teavm\teavm-jso\0.6.1\teavm-jso-0.6.1.jar;C:\Users\Kyra Consulting\.m2\repository\org\teavm\teavm-jso-apis\0.6.1\teavm-jso-apis-0.6.1.jar;C:\Users\Kyra Consulting\.m2\repository\org\teavm\teavm-jso-impl\0.6.1\teavm-jso-impl-0.6.1.jar;C:\Users\Kyra Consulting\.m2\repository\org\teavm\teavm-metaprogramming-api\0.6.1\teavm-metaprogramming-api-0.6.1.jar;C:\Users\Kyra Consulting\.m2\repository\org\teavm\teavm-metaprogramming-impl\0.6.1\teavm-metaprogramming-impl-0.6.1.jar;C:\Users\Kyra Consulting\.m2\repository\org\ow2\asm\asm-util\7.1\asm-util-7.1.jar;C:\Users\Kyra Consulting\.m2\repository\org\ow2\asm\asm\7.1\asm-7.1.jar;C:\Users\Kyra Consulting\.m2\repository\org\ow2\asm\asm-tree\7.1\asm-tree-7.1.jar;C:\Users\Kyra Consulting\.m2\repository\org\ow2\asm\asm-analysis\7.1\asm-analysis-7.1.jar;C:\Users\Kyra Consulting\.m2\repository\commons-io\commons-io\2.4\commons-io-2.4.jar;C:\Users\Kyra Consulting\.m2\repository\com\google\code\gson\gson\2.2.4\gson-2.2.4.jar;C:\Users\Kyra Consulting\.m2\repository\com\jcraft\jzlib\1.1.3\jzlib-1.1.3.jar;C:\Users\Kyra Consulting\.m2\repository\joda-time\joda-time\2.7\joda-time-2.7.jar;"/>
    <property name="java.vm.vendor" value="Amazon.com Inc."/>
    <property name="sun.arch.data.model" value="64"/>
    <property name="user.variant" value=""/>
    <property name="java.vendor.url" value="https://aws.amazon.com/corretto/"/>
    <property name="user.timezone" value=""/>
    <property name="java.vm.specification.version" value="1.8"/>
    <property name="os.name" value="Windows 10"/>
    <property name="user.country" value="IN"/>
    <property name="sun.java.launcher" value="SUN_STANDARD"/>
    <property name="sun.boot.library.path" value="D:\Java\jdk\amazon-corretto-8.282.08.1-windows-x64-jdk\jdk1.8.0_282\jre\bin"/>
    <property name="sun.java.command" value="C:\Users\KYRACO~1\AppData\Local\Temp\surefire7907022064130678415\surefirebooter4517420336839699774.jar C:\Users\Kyra Consulting\AppData\Local\Temp\surefire7907022064130678415 2022-07-02T23-46-15_113-jvmRun1 surefire8229933607723621788tmp surefire_02605021435784514215tmp"/>
    <property name="surefire.test.class.path" value="D:\Java\git\core-web-widget\teavvm\classlib\target\test-classes;D:\Java\git\core-web-widget\teavvm\classlib\target\classes;C:\Users\Kyra Consulting\.m2\repository\junit\junit\4.11\junit-4.11.jar;C:\Users\Kyra Consulting\.m2\repository\org\hamcrest\hamcrest-core\1.3\hamcrest-core-1.3.jar;C:\Users\Kyra Consulting\.m2\repository\org\teavm\teavm-platform\0.6.1\teavm-platform-0.6.1.jar;C:\Users\Kyra Consulting\.m2\repository\org\teavm\teavm-core\0.6.1\teavm-core-0.6.1.jar;C:\Users\Kyra Consulting\.m2\repository\org\teavm\teavm-interop\0.6.1\teavm-interop-0.6.1.jar;C:\Users\Kyra Consulting\.m2\repository\org\teavm\teavm-jso\0.6.1\teavm-jso-0.6.1.jar;C:\Users\Kyra Consulting\.m2\repository\org\teavm\teavm-jso-apis\0.6.1\teavm-jso-apis-0.6.1.jar;C:\Users\Kyra Consulting\.m2\repository\org\teavm\teavm-jso-impl\0.6.1\teavm-jso-impl-0.6.1.jar;C:\Users\Kyra Consulting\.m2\repository\org\teavm\teavm-metaprogramming-api\0.6.1\teavm-metaprogramming-api-0.6.1.jar;C:\Users\Kyra Consulting\.m2\repository\org\teavm\teavm-metaprogramming-impl\0.6.1\teavm-metaprogramming-impl-0.6.1.jar;C:\Users\Kyra Consulting\.m2\repository\org\ow2\asm\asm-util\7.1\asm-util-7.1.jar;C:\Users\Kyra Consulting\.m2\repository\org\ow2\asm\asm\7.1\asm-7.1.jar;C:\Users\Kyra Consulting\.m2\repository\org\ow2\asm\asm-tree\7.1\asm-tree-7.1.jar;C:\Users\Kyra Consulting\.m2\repository\org\ow2\asm\asm-analysis\7.1\asm-analysis-7.1.jar;C:\Users\Kyra Consulting\.m2\repository\commons-io\commons-io\2.4\commons-io-2.4.jar;C:\Users\Kyra Consulting\.m2\repository\com\google\code\gson\gson\2.2.4\gson-2.2.4.jar;C:\Users\Kyra Consulting\.m2\repository\com\jcraft\jzlib\1.1.3\jzlib-1.1.3.jar;C:\Users\Kyra Consulting\.m2\repository\joda-time\joda-time\2.7\joda-time-2.7.jar;"/>
    <property name="sun.cpu.endian" value="little"/>
    <property name="user.home" value="C:\Users\Kyra Consulting"/>
    <property name="user.language" value="en"/>
    <property name="java.specification.vendor" value="Oracle Corporation"/>
    <property name="java.home" value="D:\Java\jdk\amazon-corretto-8.282.08.1-windows-x64-jdk\jdk1.8.0_282\jre"/>
    <property name="basedir" value="D:\Java\git\core-web-widget\teavvm\classlib"/>
    <property name="file.separator" value="\"/>
    <property name="line.separator" value="&#10;"/>
    <property name="java.vm.specification.vendor" value="Oracle Corporation"/>
    <property name="java.specification.name" value="Java Platform API Specification"/>
    <property name="java.awt.graphicsenv" value="sun.awt.Win32GraphicsEnvironment"/>
    <property name="surefire.real.class.path" value="C:\Users\KYRACO~1\AppData\Local\Temp\surefire7907022064130678415\surefirebooter4517420336839699774.jar"/>
    <property name="sun.boot.class.path" value="D:\Java\jdk\amazon-corretto-8.282.08.1-windows-x64-jdk\jdk1.8.0_282\jre\lib\resources.jar;D:\Java\jdk\amazon-corretto-8.282.08.1-windows-x64-jdk\jdk1.8.0_282\jre\lib\rt.jar;D:\Java\jdk\amazon-corretto-8.282.08.1-windows-x64-jdk\jdk1.8.0_282\jre\lib\sunrsasign.jar;D:\Java\jdk\amazon-corretto-8.282.08.1-windows-x64-jdk\jdk1.8.0_282\jre\lib\jsse.jar;D:\Java\jdk\amazon-corretto-8.282.08.1-windows-x64-jdk\jdk1.8.0_282\jre\lib\jce.jar;D:\Java\jdk\amazon-corretto-8.282.08.1-windows-x64-jdk\jdk1.8.0_282\jre\lib\charsets.jar;D:\Java\jdk\amazon-corretto-8.282.08.1-windows-x64-jdk\jdk1.8.0_282\jre\lib\jfr.jar;D:\Java\jdk\amazon-corretto-8.282.08.1-windows-x64-jdk\jdk1.8.0_282\jre\classes"/>
    <property name="user.script" value=""/>
    <property name="sun.management.compiler" value="HotSpot 64-Bit Tiered Compilers"/>
    <property name="java.runtime.version" value="1.8.0_282-b08"/>
    <property name="user.name" value="Kyra Consulting"/>
    <property name="path.separator" value=";"/>
    <property name="os.version" value="10.0"/>
    <property name="java.endorsed.dirs" value="D:\Java\jdk\amazon-corretto-8.282.08.1-windows-x64-jdk\jdk1.8.0_282\jre\lib\endorsed"/>
    <property name="java.runtime.name" value="OpenJDK Runtime Environment"/>
    <property name="file.encoding" value="Cp1252"/>
    <property name="java.vm.name" value="OpenJDK 64-Bit Server VM"/>
    <property name="localRepository" value="C:\Users\Kyra Consulting\.m2\repository"/>
    <property name="java.vendor.url.bug" value="https://github.com/corretto/corretto-8/issues/"/>
    <property name="java.io.tmpdir" value="C:\Users\KYRACO~1\AppData\Local\Temp\"/>
    <property name="java.version" value="1.8.0_282"/>
    <property name="user.dir" value="D:\Java\git\core-web-widget\teavvm\classlib"/>
    <property name="os.arch" value="amd64"/>
    <property name="java.vm.specification.name" value="Java Virtual Machine Specification"/>
    <property name="java.awt.printerjob" value="sun.awt.windows.WPrinterJob"/>
    <property name="sun.os.patch.level" value=""/>
    <property name="java.library.path" value="D:\Java\jdk\amazon-corretto-8.282.08.1-windows-x64-jdk\jdk1.8.0_282\jre\bin;C:\Windows\Sun\Java\bin;C:\Windows\system32;C:\Windows;C:/Users/Kyra Consulting/.p2/pool/plugins/org.eclipse.justj.openjdk.hotspot.jre.full.win32.x86_64_15.0.2.v20210201-0955/jre/bin/server;C:/Users/Kyra Consulting/.p2/pool/plugins/org.eclipse.justj.openjdk.hotspot.jre.full.win32.x86_64_15.0.2.v20210201-0955/jre/bin;D:\Program Files\ImageMagick-7.1.0-Q16-HDRI;C:\Windows\system32;C:\Windows;C:\Windows\System32\Wbem;C:\Windows\System32\WindowsPowerShell\v1.0\;C:\Windows\System32\OpenSSH\;C:\Program Files\Git\cmd;C:\Program Files\Amazon\AWSCLIV2\;C:\Program Files\Docker\Docker\resources\bin;C:\ProgramData\DockerDesktop\version-bin;D:\Java\nvm;C:\Program Files\nodejs;C:\Users\Kyra Consulting\AppData\Local\Microsoft\WindowsApps;C:\Users\Kyra Consulting\AppData\Roaming\npm;D:\Java\jdk\amazon-corretto-8.282.08.1-windows-x64-jdk\jdk1.8.0_282\bin;C:\Users\Kyra Consulting\AppData\Local\Android\Sdk\platform-tools;D:\Users\Kyra Consulting\AppData\Local\Programs\Microsoft VS Code\bin;D:\Java\nvm;C:\Program Files\nodejs;D:\Java\apache-maven-3.8.3\bin;D:\Java\gradle-7.4.2\bin;;C:\Users\Kyra Consulting\Desktop;;."/>
    <property name="java.vm.info" value="mixed mode"/>
    <property name="java.vendor" value="Amazon.com Inc."/>
    <property name="java.vm.version" value="25.282-b08"/>
    <property name="java.ext.dirs" value="D:\Java\jdk\amazon-corretto-8.282.08.1-windows-x64-jdk\jdk1.8.0_282\jre\lib\ext;C:\Windows\Sun\Java\lib\ext"/>
    <property name="sun.io.unicode.encoding" value="UnicodeLittle"/>
    <property name="java.class.version" value="52.0"/>
  </properties>
  <testcase name="test_getDigitValues" classname="org.teavm.classlib.impl.unicode.UnicodeSupportTest" time="0.082"/>
</testsuite>